<?xml version="1.0" encoding="UTF-8"?>
<!-- Generated by org.testng.reporters.JUnitReportReporter -->
<testsuite hostname="apples-iMac.local" failures="0" tests="1" name="com.earth.TestScripts.TC_HOMEPAGE_test" time="4.148" errors="0" timestamp="2024-01-24T11:43:51 IST" skipped="0">
  <testcase classname="com.earth.TestScripts.TC_HOMEPAGE_test" name="verifyHomePage" time="4.148"/>
</testsuite> <!-- com.earth.TestScripts.TC_HOMEPAGE_test -->
