<?xml version="1.0" encoding="UTF-8"?>
<!-- Generated by org.testng.reporters.JUnitReportReporter -->
<testsuite hostname="apples-iMac.local" failures="0" tests="1" name="com.earth.TestScripts.TC_HOMEPAGE_test" time="33.616" errors="0" timestamp="2024-01-24T14:20:08 IST" skipped="0">
  <testcase classname="com.earth.TestScripts.TC_HOMEPAGE_test" name="verifyHomePage" time="33.616"/>
</testsuite> <!-- com.earth.TestScripts.TC_HOMEPAGE_test -->
