<?xml version="1.0" encoding="UTF-8"?>
<!-- Generated by org.testng.reporters.JUnitReportReporter -->
<testsuite hostname="apples-iMac.local" failures="0" tests="1" name="com.earth.TestScripts.TC_HOMEPAGE_test" time="5.677" errors="0" timestamp="2024-01-24T12:14:55 IST" skipped="0">
  <testcase classname="com.earth.TestScripts.TC_HOMEPAGE_test" name="verifyHomePage" time="5.677"/>
</testsuite> <!-- com.earth.TestScripts.TC_HOMEPAGE_test -->
